Flutter crash report.
Please report a bug at https://github.com/flutter/flutter/issues.

## command

flutter --quiet assemble --no-version-check --depfile /Users/omarfaruk/AndroidStudioProjects-Personal/talk_hub/build/app/intermediates/flutter/debug/flutter_build.d --output /Users/omarfaruk/AndroidStudioProjects-Personal/talk_hub/build/app/intermediates/flutter/debug -dTargetFile=/Users/omarfaruk/AndroidStudioProjects-Personal/talk_hub/lib/main.dart -dTargetPlatform=android -dBuildMode=debug -dTrackWidgetCreation=true --DartDefines=Zmx1dHRlci5pbnNwZWN0b3Iuc3RydWN0dXJlZEVycm9ycz10cnVl,RkxVVFRFUl9XRUJfQ0FOVkFTS0lUX1VSTD1odHRwczovL3d3dy5nc3RhdGljLmNvbS9mbHV0dGVyLWNhbnZhc2tpdC9lZGQ4NTQ2MTE2NDU3YmRmMWM1YmRmYjEzZWNiOTQ2M2QyYmI1ZWQ0Lw== -dFlavor= -dAndroidArchs=android-arm64 -dMinSdkVersion=21 debug_android_application

## exception

FileSystemException: FileSystemException: Cannot open file, path = '/Users/omarfaruk/.dart-tool/dart-flutter-telemetry.log' (OS Error: No space left on device, errno = 28)

```
#0      _File.throwIfError (dart:io/file_impl.dart:675:7)
#1      _File.openSync (dart:io/file_impl.dart:490:5)
#2      _File.writeAsBytesSync (dart:io/file_impl.dart:644:31)
#3      _File.writeAsStringSync (dart:io/file_impl.dart:668:5)
#4      ForwardingFile.writeAsStringSync (package:file/src/forwarding/forwarding_file.dart:150:16)
#5      LogHandler.save (package:unified_analytics/src/log_handler.dart:296:15)
#6      AnalyticsImpl.send (package:unified_analytics/src/analytics.dart:622:17)
#7      FlutterCommand._sendPostUsage (package:flutter_tools/src/runner/flutter_command.dart:1613:15)
#8      FlutterCommand.run.<anonymous closure> (package:flutter_tools/src/runner/flutter_command.dart:1399:13)
<asynchronous suspension>
#9      AppContext.run.<anonymous closure> (package:flutter_tools/src/base/context.dart:153:19)
<asynchronous suspension>
#10     CommandRunner.runCommand (package:args/command_runner.dart:212:13)
<asynchronous suspension>
#11     FlutterCommandRunner.runCommand.<anonymous closure> (package:flutter_tools/src/runner/flutter_command_runner.dart:372:9)
<asynchronous suspension>
#12     AppContext.run.<anonymous closure> (package:flutter_tools/src/base/context.dart:153:19)
<asynchronous suspension>
#13     FlutterCommandRunner.runCommand (package:flutter_tools/src/runner/flutter_command_runner.dart:308:5)
<asynchronous suspension>
#14     run.<anonymous closure>.<anonymous closure> (package:flutter_tools/runner.dart:130:9)
<asynchronous suspension>
#15     AppContext.run.<anonymous closure> (package:flutter_tools/src/base/context.dart:153:19)
<asynchronous suspension>
#16     main (package:flutter_tools/executable.dart:93:3)
<asynchronous suspension>
```

## flutter doctor

```
[✓] Flutter (Channel stable, 3.22.2, on macOS 14.5 23F79 darwin-arm64, locale en-US)
    • Flutter version 3.22.2 on channel stable at /Users/omarfaruk/development/flutter
    • Upstream repository https://github.com/flutter/flutter.git
    • Framework revision 761747bfc5 (4 months ago), 2024-06-05 22:15:13 +0200
    • Engine revision edd8546116
    • Dart version 3.4.3
    • DevTools version 2.34.3

[✓] Android toolchain - develop for Android devices (Android SDK version 34.0.0)
    • Android SDK at /Users/omarfaruk/Library/Android/sdk
    • Platform android-34, build-tools 34.0.0
    • Java binary at: /Applications/Android Studio.app/Contents/jbr/Contents/Home/bin/java
    • Java version OpenJDK Runtime Environment (build 17.0.10+0-17.0.10b1087.21-11572160)
    • All Android licenses accepted.

[✓] Xcode - develop for iOS and macOS (Xcode 15.4)
    • Xcode at /Applications/Xcode.app/Contents/Developer
    • Build 15F31d
    • CocoaPods version 1.15.2

[✓] Chrome - develop for the web
    • Chrome at /Applications/Google Chrome.app/Contents/MacOS/Google Chrome

[✓] Android Studio (version 2023.3)
    • Android Studio at /Applications/Android Studio.app/Contents
    • Flutter plugin can be installed from:
      🔨 https://plugins.jetbrains.com/plugin/9212-flutter
    • Dart plugin can be installed from:
      🔨 https://plugins.jetbrains.com/plugin/6351-dart
    • Java version OpenJDK Runtime Environment (build 17.0.10+0-17.0.10b1087.21-11572160)

[✓] IntelliJ IDEA Ultimate Edition (version 2023.3.2)
    • IntelliJ at /Applications/IntelliJ IDEA.app
    • Flutter plugin can be installed from:
      🔨 https://plugins.jetbrains.com/plugin/9212-flutter
    • Dart plugin can be installed from:
      🔨 https://plugins.jetbrains.com/plugin/6351-dart

[✓] VS Code (version 1.93.0)
    • VS Code at /Applications/Visual Studio Code.app/Contents
    • Flutter extension version 3.96.0

[✓] Connected device (5 available)
    • sdk gphone64 arm64 (mobile)     • emulator-5554             • android-arm64  • Android 12 (API 32) (emulator)
    • Anik’s iPhone (mobile)          • 00008020-000E20E10E80402E • ios            • iOS 17.7 21H16
    • macOS (desktop)                 • macos                     • darwin-arm64   • macOS 14.5 23F79 darwin-arm64
    • Mac Designed for iPad (desktop) • mac-designed-for-ipad     • darwin         • macOS 14.5 23F79 darwin-arm64
    • Chrome (web)                    • chrome                    • web-javascript • Google Chrome 129.0.6668.72

[✓] Network resources
    • All expected network resources are available.

• No issues found!
```
